Arguments: 
  /usr/bin/node /home/dima/.npm-global/bin/yarn

PATH: 
  /home/dima/miniconda2/bin:/home/dima/miniconda2/bin:/home/dima/.local/bin:/usr/local/sbin:/usr/local/bin:/usr/sbin:/usr/bin:/sbin:/bin:/usr/games:/usr/local/games:/snap/bin:/home/dima/.npm-global/bin:/home/dima/.npm-global/bin

Yarn version: 
  1.6.0

Node version: 
  10.1.0

Platform: 
  linux x64

Trace: 
  Error: https://registry.yarnpkg.com/serve-static: ETIMEDOUT
      at Timeout._onTimeout (/home/dima/.npm-global/lib/node_modules/yarn/lib/cli.js:133819:19)
      at ontimeout (timers.js:427:11)
      at tryOnTimeout (timers.js:289:5)
      at listOnTimeout (timers.js:252:5)
      at Timer.processTimers (timers.js:212:10)

npm manifest: 
  {
    "name": "friend-finder",
    "version": "1.0.0",
    "description": "Just an app with Express and Node",
    "main": "server.js",
    "dependencies": {
      "serve-static": "^1.13.2"
    },
    "devDependencies": {},
    "scripts": {
      "test": "echo \"Error: no test specified\" && exit 1",
      "start": "node server.js"
    },
    "repository": {
      "type": "git",
      "url": "git+https://github.com/dimaostrov/friend_finder.git"
    },
    "keywords": [],
    "author": "",
    "license": "ISC",
    "bugs": {
      "url": "https://github.com/dimaostrov/friend_finder/issues"
    },
    "homepage": "https://github.com/dimaostrov/friend_finder#readme"
  }

yarn manifest: 
  No manifest

Lockfile: 
  # THIS IS AN AUTOGENERATED FILE. DO NOT EDIT THIS FILE DIRECTLY.
  # yarn lockfile v1
